
=== Sun Jan 26 22:17:24 2025

Packages were changed.
Update Mode: mergeDefaultDependencies

The following packages were added:
  com.unity.modules.cloth@1.0.0
  com.unity.modules.director@1.0.0
  com.unity.modules.imgui@1.0.0
  com.unity.modules.jsonserialize@1.0.0
  com.unity.modules.physics@1.0.0
  com.unity.modules.screencapture@1.0.0
  com.unity.modules.terrainphysics@1.0.0
  com.unity.modules.tilemap@1.0.0
  com.unity.modules.ui@1.0.0
  com.unity.modules.uielements@1.0.0
  com.unity.modules.umbra@1.0.0
  com.unity.modules.unityanalytics@1.0.0
  com.unity.modules.unitywebrequest@1.0.0
  com.unity.modules.unitywebrequestassetbundle@1.0.0
  com.unity.modules.unitywebrequestaudio@1.0.0
  com.unity.modules.unitywebrequesttexture@1.0.0
  com.unity.modules.unitywebrequestwww@1.0.0
  com.unity.modules.vehicles@1.0.0
  com.unity.modules.wind@1.0.0
  com.unity.multiplayer.center@1.0.0
The following packages were updated:
  com.unity.learn.iet-framework from version 4.0.2 to 4.0.3
  com.unity.xr.openxr from version 1.13.0 to 1.14.0

=== Tue Feb  4 23:43:19 2025

Packages were changed.
Update Mode: updateDependencies

The following packages were added:
  com.unity.modules.accessibility@1.0.0
  com.unity.multiplayer.center@1.0.0
The following packages were updated:
  com.unity.collab-proxy from version 2.3.1 to 2.6.0
  com.unity.feature.development from version 1.0.1 to 1.0.2
  com.unity.nuget.mono-cecil from version 1.10.2 to 1.11.4
  com.unity.timeline from version 1.7.6 to 1.8.7
  com.unity.ugui from version 1.0.0 to 2.0.0
  com.unity.visualscripting from version 1.9.1 to 1.9.5
  com.unity.xr.oculus from version 4.2.0 to 4.5.0
The following packages were removed:
  com.unity.textmeshpro@3.0.6
